<?xml version="1.0" encoding="UTF-8"?>
<!-- Generated by org.testng.reporters.JUnitReportReporter -->
<testsuite hostname="MSI" failures="0" tests="1" name="testWebsite.myTests" time="8.616" errors="0" timestamp="2023-01-29T16:47:58 EET" skipped="0">
  <testcase classname="testWebsite.myTests" name="sum_of_balances" time="8.616"/>
  <system-out/>
</testsuite> <!-- testWebsite.myTests -->
